#
# There is insufficient memory for the Java Runtime Environment to continue.
# Native memory allocation (malloc) failed to allocate 127072 bytes for Chunk::new
# Possible reasons:
#   The system is out of physical RAM or swap space
#   The process is running with CompressedOops enabled, and the Java Heap may be blocking the growth of the native heap
# Possible solutions:
#   Reduce memory load on the system
#   Increase physical memory or swap space
#   Check if swap backing store is full
#   Decrease Java heap size (-Xmx/-Xms)
#   Decrease number of Java threads
#   Decrease Java thread stack sizes (-Xss)
#   Set larger code cache with -XX:ReservedCodeCacheSize=
#   JVM is running with Unscaled Compressed Oops mode in which the Java heap is
#     placed in the first 4GB address space. The Java Heap base address is the
#     maximum limit for the native heap growth. Please use -XX:HeapBaseMinAddress
#     to set the Java Heap base and to place the Java Heap above 4GB virtual address.
# This output file may be truncated or incomplete.
#
#  Out of Memory Error (./open/src/hotspot/share/memory/arena.cpp:197), pid=9868, tid=2488
#
# JRE version: Java(TM) SE Runtime Environment 18.9 (11.0.10+8) (build 11.0.10+8-LTS-162)
# Java VM: Java HotSpot(TM) 64-Bit Server VM 18.9 (11.0.10+8-LTS-162, mixed mode, tiered, compressed oops, g1 gc, windows-amd64)
# No core dump will be written. Minidumps are not enabled by default on client versions of Windows
#

---------------  S U M M A R Y ------------

Command Line: --add-opens=java.base/java.util=ALL-UNNAMED --add-opens=java.base/java.lang=ALL-UNNAMED --add-opens=java.base/java.lang.invoke=ALL-UNNAMED --add-opens=java.prefs/java.util.prefs=ALL-UNNAMED -Xmx2048m -Dfile.encoding=UTF-8 -Duser.country=BR -Duser.language=pt -Duser.variant org.gradle.launcher.daemon.bootstrap.GradleDaemon 6.9

Host: Intel(R) Core(TM) i5-3470 CPU @ 3.20GHz, 4 cores, 7G,  Windows 10 , 64 bit Build 19041 (10.0.19041.1023)
Time: Sat Jul 10 15:49:12 2021 Hora oficial do Brasil elapsed time: 98.316651 seconds (0d 0h 1m 38s)

---------------  T H R E A D  ---------------

Current thread (0x000001583b242000):  JavaThread "C2 CompilerThread0" daemon [_thread_in_native, id=2488, stack(0x00000050a9300000,0x00000050a9400000)]


Current CompileTask:
C2:  98316 9807       4       javax.management.ObjectName::construct (1135 bytes)

Stack: [0x00000050a9300000,0x00000050a9400000]
Native frames: (J=compiled Java code, j=interpreted, Vv=VM code, C=native code)
V  [jvm.dll+0x613e6a]
V  [jvm.dll+0x74c1ff]
V  [jvm.dll+0x74d885]
V  [jvm.dll+0x74df03]
V  [jvm.dll+0x243b78]
V  [jvm.dll+0xba2cc]
V  [jvm.dll+0xba43d]
V  [jvm.dll+0x66fe0c]
V  [jvm.dll+0x533264]
V  [jvm.dll+0x539c87]
V  [jvm.dll+0x5255fb]
V  [jvm.dll+0x5253a0]
V  [jvm.dll+0x52c723]
V  [jvm.dll+0x1ff013]
V  [jvm.dll+0x1fc42f]
V  [jvm.dll+0x17f09c]
V  [jvm.dll+0x20bbd4]
V  [jvm.dll+0x209cab]
V  [jvm.dll+0x713619]
V  [jvm.dll+0x70c314]
V  [jvm.dll+0x613036]
C  [ucrtbase.dll+0x21bb2]
C  [KERNEL32.DLL+0x17034]
C  [ntdll.dll+0x52651]


---------------  P R O C E S S  ---------------

Threads class SMR info:
_java_thread_list=0x000001583db0b820, length=33, elements={
0x000001581c4f5800, 0x000001583b22a800, 0x000001583b22b800, 0x000001583b240000,
0x000001583b241000, 0x000001583b242000, 0x000001583b245000, 0x000001583b24b800,
0x000001583bd1a000, 0x000001583bd35800, 0x000001583d2e4000, 0x000001583e0a8800,
0x000001583db4a800, 0x000001583e13f000, 0x000001583dd7e000, 0x000001583dd7b800,
0x000001583dd79800, 0x000001583dd7a800, 0x000001583dd78000, 0x000001583dd7d000,
0x000001583dd7e800, 0x000001583dd79000, 0x000001583ed71800, 0x000001583f7cc800,
0x000001583f7c7800, 0x000001583f7cd000, 0x000001583f7ca000, 0x000001583f7cb000,
0x000001583f7ce000, 0x000001583f7c8800, 0x000001583f7d1800, 0x000001583f7d2000,
0x000001583f7d3000
}

Java Threads: ( => current thread )
  0x000001581c4f5800 JavaThread "main" [_thread_blocked, id=5036, stack(0x00000050a8800000,0x00000050a8900000)]
  0x000001583b22a800 JavaThread "Reference Handler" daemon [_thread_blocked, id=7460, stack(0x00000050a8f00000,0x00000050a9000000)]
  0x000001583b22b800 JavaThread "Finalizer" daemon [_thread_blocked, id=1564, stack(0x00000050a9000000,0x00000050a9100000)]
  0x000001583b240000 JavaThread "Signal Dispatcher" daemon [_thread_blocked, id=6548, stack(0x00000050a9100000,0x00000050a9200000)]
  0x000001583b241000 JavaThread "Attach Listener" daemon [_thread_blocked, id=2212, stack(0x00000050a9200000,0x00000050a9300000)]
=>0x000001583b242000 JavaThread "C2 CompilerThread0" daemon [_thread_in_native, id=2488, stack(0x00000050a9300000,0x00000050a9400000)]
  0x000001583b245000 JavaThread "C1 CompilerThread0" daemon [_thread_blocked, id=3188, stack(0x00000050a9400000,0x00000050a9500000)]
  0x000001583b24b800 JavaThread "Sweeper thread" daemon [_thread_blocked, id=10536, stack(0x00000050a9500000,0x00000050a9600000)]
  0x000001583bd1a000 JavaThread "Common-Cleaner" daemon [_thread_blocked, id=8724, stack(0x00000050a9600000,0x00000050a9700000)]
  0x000001583bd35800 JavaThread "Service Thread" daemon [_thread_blocked, id=10828, stack(0x00000050a9700000,0x00000050a9800000)]
  0x000001583d2e4000 JavaThread "Daemon health stats" [_thread_blocked, id=3484, stack(0x00000050a9c00000,0x00000050a9d00000)]
  0x000001583e0a8800 JavaThread "Incoming local TCP Connector on port 49550" [_thread_in_native, id=6732, stack(0x00000050a9d00000,0x00000050a9e00000)]
  0x000001583db4a800 JavaThread "Daemon periodic checks" [_thread_blocked, id=10652, stack(0x00000050a9e00000,0x00000050a9f00000)]
  0x000001583e13f000 JavaThread "Daemon" [_thread_blocked, id=8264, stack(0x00000050a9f00000,0x00000050aa000000)]
  0x000001583dd7e000 JavaThread "Handler for socket connection from /127.0.0.1:49550 to /127.0.0.1:49551" [_thread_in_native, id=7696, stack(0x00000050aa000000,0x00000050aa100000)]
  0x000001583dd7b800 JavaThread "Cancel handler" [_thread_blocked, id=5460, stack(0x00000050aa100000,0x00000050aa200000)]
  0x000001583dd79800 JavaThread "Daemon worker" [_thread_blocked, id=10700, stack(0x00000050aa200000,0x00000050aa300000)]
  0x000001583dd7a800 JavaThread "Asynchronous log dispatcher for DefaultDaemonConnection: socket connection from /127.0.0.1:49550 to /127.0.0.1:49551" [_thread_blocked, id=10300, stack(0x00000050aa300000,0x00000050aa400000)]
  0x000001583dd78000 JavaThread "Daemon client event forwarder" [_thread_blocked, id=1052, stack(0x00000050aa500000,0x00000050aa600000)]
  0x000001583dd7d000 JavaThread "Cache worker for file hash cache (C:\Users\Meu Computador\.gradle\caches\6.9\fileHashes)" [_thread_blocked, id=10856, stack(0x00000050aa700000,0x00000050aa800000)]
  0x000001583dd7e800 JavaThread "File lock request listener" [_thread_in_native, id=2016, stack(0x00000050aa800000,0x00000050aa900000)]
  0x000001583dd79000 JavaThread "Cache worker for journal cache (C:\Users\Meu Computador\.gradle\caches\journal-1)" [_thread_blocked, id=10444, stack(0x00000050aa900000,0x00000050aaa00000)]
  0x000001583ed71800 JavaThread "Cache worker for file hash cache (C:\Users\Meu Computador\Documents\Work-Space\Android\CalculadoraNotas\.gradle\6.9\fileHashes)" [_thread_blocked, id=5800, stack(0x00000050aaa00000,0x00000050aab00000)]
  0x000001583f7cc800 JavaThread "Cache worker for checksums cache (C:\Users\Meu Computador\Documents\Work-Space\Android\CalculadoraNotas\.gradle\checksums)" [_thread_blocked, id=432, stack(0x00000050abf00000,0x00000050ac000000)]
  0x000001583f7c7800 JavaThread "Cache worker for cache directory md-supplier (C:\Users\Meu Computador\.gradle\caches\6.9\md-supplier)" [_thread_blocked, id=9876, stack(0x00000050ac000000,0x00000050ac100000)]
  0x000001583f7cd000 JavaThread "Cache worker for cache directory md-rule (C:\Users\Meu Computador\.gradle\caches\6.9\md-rule)" [_thread_blocked, id=10628, stack(0x00000050ac100000,0x00000050ac200000)]
  0x000001583f7ca000 JavaThread "Cache worker for execution history cache (C:\Users\Meu Computador\.gradle\caches\6.9\executionHistory)" [_thread_blocked, id=3420, stack(0x00000050ac200000,0x00000050ac300000)]
  0x000001583f7cb000 JavaThread "Cache worker for file content cache (C:\Users\Meu Computador\.gradle\caches\6.9\fileContent)" [_thread_blocked, id=7492, stack(0x00000050ac300000,0x00000050ac400000)]
  0x000001583f7ce000 JavaThread "Cache worker for Build Output Cleanup Cache (C:\Users\Meu Computador\Documents\Work-Space\Android\CalculadoraNotas\.gradle\buildOutputCleanup)" [_thread_blocked, id=6836, stack(0x00000050ac400000,0x00000050ac500000)]
  0x000001583f7c8800 JavaThread "Build operations" [_thread_blocked, id=2892, stack(0x00000050ac500000,0x00000050ac600000)]
  0x000001583f7d1800 JavaThread "Build operations Thread 2" [_thread_blocked, id=6136, stack(0x00000050ac600000,0x00000050ac700000)]
  0x000001583f7d2000 JavaThread "Build operations Thread 3" [_thread_blocked, id=9396, stack(0x00000050ac800000,0x00000050ac900000)]
  0x000001583f7d3000 JavaThread "Build operations Thread 4" [_thread_in_native, id=8460, stack(0x00000050ac900000,0x00000050aca00000)]

Other Threads:
  0x000001583b223000 VMThread "VM Thread" [stack: 0x00000050a8e00000,0x00000050a8f00000] [id=4668]
  0x000001583bd63000 WatcherThread [stack: 0x00000050a9800000,0x00000050a9900000] [id=7276]
  0x000001581c50c800 GCTaskThread "GC Thread#0" [stack: 0x00000050a8900000,0x00000050a8a00000] [id=11008]
  0x000001583c041800 GCTaskThread "GC Thread#1" [stack: 0x00000050a9a00000,0x00000050a9b00000] [id=11212]
  0x000001583c1e3000 GCTaskThread "GC Thread#2" [stack: 0x00000050a9b00000,0x00000050a9c00000] [id=10452]
  0x000001583e093800 GCTaskThread "GC Thread#3" [stack: 0x00000050aa600000,0x00000050aa700000] [id=5936]
  0x000001581c53e800 ConcurrentGCThread "G1 Main Marker" [stack: 0x00000050a8a00000,0x00000050a8b00000] [id=10800]
  0x000001581c53f800 ConcurrentGCThread "G1 Conc#0" [stack: 0x00000050a8b00000,0x00000050a8c00000] [id=7768]
  0x000001581c5d2000 ConcurrentGCThread "G1 Refine#0" [stack: 0x00000050a8c00000,0x00000050a8d00000] [id=9456]
  0x000001581c5d3000 ConcurrentGCThread "G1 Young RemSet Sampling" [stack: 0x00000050a8d00000,0x00000050a8e00000] [id=7596]

Threads with active compile tasks:
C2 CompilerThread0  98358 9807       4       javax.management.ObjectName::construct (1135 bytes)

VM state:not at safepoint (normal execution)

VM Mutex/Monitor currently owned by a thread: None

Heap address: 0x0000000080000000, size: 2048 MB, Compressed Oops mode: 32-bit
Narrow klass base: 0x0000000000000000, Narrow klass shift: 3
Compressed class space size: 1073741824 Address: 0x0000000100000000

Heap:
 garbage-first heap   total 328704K, used 158196K [0x0000000080000000, 0x0000000100000000)
  region size 1024K, 100 young (102400K), 13 survivors (13312K)
 Metaspace       used 62251K, capacity 63914K, committed 63996K, reserved 1105920K
  class space    used 7512K, capacity 8053K, committed 8064K, reserved 1048576K
Heap Regions: E=young(eden), S=young(survivor), O=old, HS=humongous(starts), HC=humongous(continues), CS=collection set, F=free, A=archive, TAMS=top-at-mark-start (previous, next)
|   0|0x0000000080000000, 0x0000000080100000, 0x0000000080100000|100%| O|  |TAMS 0x0000000080100000, 0x0000000080000000| Untracked 
|   1|0x0000000080100000, 0x0000000080200000, 0x0000000080200000|100%| O|  |TAMS 0x0000000080200000, 0x0000000080100000| Untracked 
|   2|0x0000000080200000, 0x0000000080300000, 0x0000000080300000|100%| O|  |TAMS 0x0000000080300000, 0x0000000080200000| Untracked 
|   3|0x0000000080300000, 0x0000000080400000, 0x0000000080400000|100%|HS|  |TAMS 0x0000000080400000, 0x0000000080300000| Complete 
|   4|0x0000000080400000, 0x0000000080500000, 0x0000000080500000|100%|HC|  |TAMS 0x0000000080500000, 0x0000000080400000| Complete 
|   5|0x0000000080500000, 0x0000000080600000, 0x0000000080600000|100%|HC|  |TAMS 0x0000000080600000, 0x0000000080500000| Complete 
|   6|0x0000000080600000, 0x0000000080700000, 0x0000000080700000|100%| O|  |TAMS 0x0000000080700000, 0x0000000080600000| Untracked 
|   7|0x0000000080700000, 0x0000000080800000, 0x0000000080800000|100%| O|  |TAMS 0x0000000080800000, 0x0000000080700000| Untracked 
|   8|0x0000000080800000, 0x0000000080900000, 0x0000000080900000|100%| O|  |TAMS 0x0000000080900000, 0x0000000080800000| Untracked 
|   9|0x0000000080900000, 0x0000000080a00000, 0x0000000080a00000|100%| O|  |TAMS 0x0000000080a00000, 0x0000000080900000| Untracked 
|  10|0x0000000080a00000, 0x0000000080b00000, 0x0000000080b00000|100%| O|  |TAMS 0x0000000080b00000, 0x0000000080a00000| Untracked 
|  11|0x0000000080b00000, 0x0000000080c00000, 0x0000000080c00000|100%|HS|  |TAMS 0x0000000080c00000, 0x0000000080b00000| Complete 
|  12|0x0000000080c00000, 0x0000000080d00000, 0x0000000080d00000|100%|HC|  |TAMS 0x0000000080d00000, 0x0000000080c00000| Complete 
|  13|0x0000000080d00000, 0x0000000080e00000, 0x0000000080e00000|100%|HS|  |TAMS 0x0000000080e00000, 0x0000000080d00000| Complete 
|  14|0x0000000080e00000, 0x0000000080f00000, 0x0000000080f00000|100%|HC|  |TAMS 0x0000000080f00000, 0x0000000080e00000| Complete 
|  15|0x0000000080f00000, 0x0000000081000000, 0x0000000081000000|100%|HC|  |TAMS 0x0000000081000000, 0x0000000080f00000| Complete 
|  16|0x0000000081000000, 0x0000000081100000, 0x0000000081100000|100%|HS|  |TAMS 0x0000000081100000, 0x0000000081000000| Complete 
|  17|0x0000000081100000, 0x0000000081200000, 0x0000000081200000|100%|HC|  |TAMS 0x0000000081200000, 0x0000000081100000| Complete 
|  18|0x0000000081200000, 0x0000000081300000, 0x0000000081300000|100%|HC|  |TAMS 0x0000000081300000, 0x0000000081200000| Complete 
|  19|0x0000000081300000, 0x0000000081400000, 0x0000000081400000|100%|HC|  |TAMS 0x0000000081400000, 0x0000000081300000| Complete 
|  20|0x0000000081400000, 0x0000000081500000, 0x0000000081500000|100%| O|  |TAMS 0x0000000081500000, 0x0000000081400000| Untracked 
|  21|0x0000000081500000, 0x0000000081600000, 0x0000000081600000|100%| O|  |TAMS 0x0000000081600000, 0x0000000081500000| Untracked 
|  22|0x0000000081600000, 0x0000000081700000, 0x0000000081700000|100%| O|  |TAMS 0x0000000081700000, 0x0000000081600000| Untracked 
|  23|0x0000000081700000, 0x0000000081800000, 0x0000000081800000|100%| O|  |TAMS 0x0000000081800000, 0x0000000081700000| Untracked 
|  24|0x0000000081800000, 0x0000000081900000, 0x0000000081900000|100%| O|  |TAMS 0x0000000081900000, 0x0000000081800000| Untracked 
|  25|0x0000000081900000, 0x0000000081a00000, 0x0000000081a00000|100%| O|  |TAMS 0x0000000081a00000, 0x0000000081900000| Untracked 
|  26|0x0000000081a00000, 0x0000000081b00000, 0x0000000081b00000|100%| O|  |TAMS 0x0000000081b00000, 0x0000000081a00000| Untracked 
|  27|0x0000000081b00000, 0x0000000081c00000, 0x0000000081c00000|100%| O|  |TAMS 0x0000000081c00000, 0x0000000081b00000| Untracked 
|  28|0x0000000081c00000, 0x0000000081d00000, 0x0000000081d00000|100%| O|  |TAMS 0x0000000081d00000, 0x0000000081c00000| Untracked 
|  29|0x0000000081d00000, 0x0000000081e00000, 0x0000000081e00000|100%| O|  |TAMS 0x0000000081e00000, 0x0000000081d00000| Untracked 
|  30|0x0000000081e00000, 0x0000000081f00000, 0x0000000081f00000|100%| O|  |TAMS 0x0000000081f00000, 0x0000000081e00000| Untracked 
|  31|0x0000000081f00000, 0x0000000082000000, 0x0000000082000000|100%| O|  |TAMS 0x0000000082000000, 0x0000000081f00000| Untracked 
|  32|0x0000000082000000, 0x0000000082000000, 0x0000000082100000|  0%| F|  |TAMS 0x0000000082000000, 0x0000000082000000| Untracked 
|  33|0x0000000082100000, 0x0000000082100000, 0x0000000082200000|  0%| F|  |TAMS 0x0000000082100000, 0x0000000082100000| Untracked 
|  34|0x0000000082200000, 0x0000000082200000, 0x0000000082300000|  0%| F|  |TAMS 0x0000000082200000, 0x0000000082200000| Untracked 
|  35|0x0000000082300000, 0x0000000082300000, 0x0000000082400000|  0%| F|  |TAMS 0x0000000082300000, 0x0000000082300000| Untracked 
|  36|0x0000000082400000, 0x0000000082500000, 0x0000000082500000|100%| O|  |TAMS 0x0000000082500000, 0x0000000082400000| Untracked 
|  37|0x0000000082500000, 0x0000000082600000, 0x0000000082600000|100%| O|  |TAMS 0x0000000082600000, 0x0000000082500000| Untracked 
|  38|0x0000000082600000, 0x0000000082700000, 0x0000000082700000|100%| O|  |TAMS 0x0000000082700000, 0x0000000082600000| Untracked 
|  39|0x0000000082700000, 0x0000000082800000, 0x0000000082800000|100%| O|  |TAMS 0x0000000082800000, 0x0000000082700000| Untracked 
|  40|0x0000000082800000, 0x0000000082900000, 0x0000000082900000|100%| O|  |TAMS 0x0000000082900000, 0x0000000082800000| Untracked 
|  41|0x0000000082900000, 0x0000000082a00000, 0x0000000082a00000|100%| O|  |TAMS 0x0000000082a00000, 0x0000000082900000| Untracked 
|  42|0x0000000082a00000, 0x0000000082a00000, 0x0000000082b00000|  0%| F|  |TAMS 0x0000000082a00000, 0x0000000082a00000| Untracked 
|  43|0x0000000082b00000, 0x0000000082b00000, 0x0000000082c00000|  0%| F|  |TAMS 0x0000000082b00000, 0x0000000082b00000| Untracked 
|  44|0x0000000082c00000, 0x0000000082c00000, 0x0000000082d00000|  0%| F|  |TAMS 0x0000000082c00000, 0x0000000082c00000| Untracked 
|  45|0x0000000082d00000, 0x0000000082d00000, 0x0000000082e00000|  0%| F|  |TAMS 0x0000000082d00000, 0x0000000082d00000| Untracked 
|  46|0x0000000082e00000, 0x0000000082f00000, 0x0000000082f00000|100%| O|  |TAMS 0x0000000082f00000, 0x0000000082e00000| Untracked 
|  47|0x0000000082f00000, 0x0000000083000000, 0x0000000083000000|100%| O|  |TAMS 0x0000000083000000, 0x0000000082f00000| Untracked 
|  48|0x0000000083000000, 0x0000000083100000, 0x0000000083100000|100%|HS|  |TAMS 0x0000000083100000, 0x0000000083000000| Complete 
|  49|0x0000000083100000, 0x0000000083200000, 0x0000000083200000|100%|HC|  |TAMS 0x0000000083200000, 0x0000000083100000| Complete 
|  50|0x0000000083200000, 0x0000000083300000, 0x0000000083300000|100%|HC|  |TAMS 0x0000000083300000, 0x0000000083200000| Complete 
|  51|0x0000000083300000, 0x0000000083400000, 0x0000000083400000|100%|HC|  |TAMS 0x0000000083400000, 0x0000000083300000| Complete 
|  52|0x0000000083400000, 0x0000000083500000, 0x0000000083500000|100%| O|  |TAMS 0x0000000083500000, 0x0000000083400000| Untracked 
|  53|0x0000000083500000, 0x0000000083600000, 0x0000000083600000|100%| O|  |TAMS 0x0000000083600000, 0x0000000083500000| Untracked 
|  54|0x0000000083600000, 0x0000000083700000, 0x0000000083700000|100%| O|  |TAMS 0x0000000083700000, 0x0000000083600000| Untracked 
|  55|0x0000000083700000, 0x00000000837bba00, 0x0000000083800000| 73%| O|  |TAMS 0x00000000837bba00, 0x0000000083700000| Untracked 
|  56|0x0000000083800000, 0x0000000083800000, 0x0000000083900000|  0%| F|  |TAMS 0x0000000083800000, 0x0000000083800000| Untracked 
|  57|0x0000000083900000, 0x0000000083900000, 0x0000000083a00000|  0%| F|  |TAMS 0x0000000083900000, 0x0000000083900000| Untracked 
|  58|0x0000000083a00000, 0x0000000083b00000, 0x0000000083b00000|100%| O|  |TAMS 0x0000000083b00000, 0x0000000083a00000| Untracked 
|  59|0x0000000083b00000, 0x0000000083c00000, 0x0000000083c00000|100%| O|  |TAMS 0x0000000083c00000, 0x0000000083b00000| Untracked 
|  60|0x0000000083c00000, 0x0000000083d00000, 0x0000000083d00000|100%|HS|  |TAMS 0x0000000083d00000, 0x0000000083c00000| Complete 
|  61|0x0000000083d00000, 0x0000000083e00000, 0x0000000083e00000|100%|HC|  |TAMS 0x0000000083e00000, 0x0000000083d00000| Complete 
|  62|0x0000000083e00000, 0x0000000083f00000, 0x0000000083f00000|100%|HC|  |TAMS 0x0000000083f00000, 0x0000000083e00000| Complete 
|  63|0x0000000083f00000, 0x0000000084000000, 0x0000000084000000|100%|HS|  |TAMS 0x0000000084000000, 0x0000000083f00000| Complete 
|  64|0x0000000084000000, 0x0000000084100000, 0x0000000084100000|100%|HC|  |TAMS 0x0000000084100000, 0x0000000084000000| Complete 
|  65|0x0000000084100000, 0x0000000084200000, 0x0000000084200000|100%|HC|  |TAMS 0x0000000084200000, 0x0000000084100000| Complete 
|  66|0x0000000084200000, 0x0000000084300000, 0x0000000084300000|100%|HC|  |TAMS 0x0000000084300000, 0x0000000084200000| Complete 
|  67|0x0000000084300000, 0x0000000084300000, 0x0000000084400000|  0%| F|  |TAMS 0x0000000084300000, 0x0000000084300000| Untracked 
|  68|0x0000000084400000, 0x0000000084400000, 0x0000000084500000|  0%| F|  |TAMS 0x0000000084400000, 0x0000000084400000| Untracked 
|  69|0x0000000084500000, 0x0000000084500000, 0x0000000084600000|  0%| F|  |TAMS 0x0000000084500000, 0x0000000084500000| Untracked 
|  70|0x0000000084600000, 0x0000000084600000, 0x0000000084700000|  0%| F|  |TAMS 0x0000000084600000, 0x0000000084600000| Untracked 
|  71|0x0000000084700000, 0x0000000084700000, 0x0000000084800000|  0%| F|  |TAMS 0x0000000084700000, 0x0000000084700000| Untracked 
|  72|0x0000000084800000, 0x0000000084800000, 0x0000000084900000|  0%| F|  |TAMS 0x0000000084800000, 0x0000000084800000| Untracked 
|  73|0x0000000084900000, 0x0000000084900000, 0x0000000084a00000|  0%| F|  |TAMS 0x0000000084900000, 0x0000000084900000| Untracked 
|  74|0x0000000084a00000, 0x0000000084a00000, 0x0000000084b00000|  0%| F|  |TAMS 0x0000000084a00000, 0x0000000084a00000| Untracked 
|  75|0x0000000084b00000, 0x0000000084b00000, 0x0000000084c00000|  0%| F|  |TAMS 0x0000000084b00000, 0x0000000084b00000| Untracked 
|  76|0x0000000084c00000, 0x0000000084c00000, 0x0000000084d00000|  0%| F|  |TAMS 0x0000000084c00000, 0x0000000084c00000| Untracked 
|  77|0x0000000084d00000, 0x0000000084d00000, 0x0000000084e00000|  0%| F|  |TAMS 0x0000000084d00000, 0x0000000084d00000| Untracked 
|  78|0x0000000084e00000, 0x0000000084e00000, 0x0000000084f00000|  0%| F|  |TAMS 0x0000000084e00000, 0x0000000084e00000| Untracked 
|  79|0x0000000084f00000, 0x0000000084f00000, 0x0000000085000000|  0%| F|  |TAMS 0x0000000084f00000, 0x0000000084f00000| Untracked 
|  80|0x0000000085000000, 0x0000000085000000, 0x0000000085100000|  0%| F|  |TAMS 0x0000000085000000, 0x0000000085000000| Untracked 
|  81|0x0000000085100000, 0x0000000085100000, 0x0000000085200000|  0%| F|  |TAMS 0x0000000085100000, 0x0000000085100000| Untracked 
|  82|0x0000000085200000, 0x0000000085200000, 0x0000000085300000|  0%| F|  |TAMS 0x0000000085200000, 0x0000000085200000| Untracked 
|  83|0x0000000085300000, 0x0000000085300000, 0x0000000085400000|  0%| F|  |TAMS 0x0000000085300000, 0x0000000085300000| Untracked 
|  84|0x0000000085400000, 0x0000000085400000, 0x0000000085500000|  0%| F|  |TAMS 0x0000000085400000, 0x0000000085400000| Untracked 
|  85|0x0000000085500000, 0x0000000085500000, 0x0000000085600000|  0%| F|  |TAMS 0x0000000085500000, 0x0000000085500000| Untracked 
|  86|0x0000000085600000, 0x0000000085600000, 0x0000000085700000|  0%| F|  |TAMS 0x0000000085600000, 0x0000000085600000| Untracked 
|  87|0x0000000085700000, 0x0000000085700000, 0x0000000085800000|  0%| F|  |TAMS 0x0000000085700000, 0x0000000085700000| Untracked 
|  88|0x0000000085800000, 0x0000000085800000, 0x0000000085900000|  0%| F|  |TAMS 0x0000000085800000, 0x0000000085800000| Untracked 
|  89|0x0000000085900000, 0x0000000085900000, 0x0000000085a00000|  0%| F|  |TAMS 0x0000000085900000, 0x0000000085900000| Untracked 
|  90|0x0000000085a00000, 0x0000000085a00000, 0x0000000085b00000|  0%| F|  |TAMS 0x0000000085a00000, 0x0000000085a00000| Untracked 
|  91|0x0000000085b00000, 0x0000000085b00000, 0x0000000085c00000|  0%| F|  |TAMS 0x0000000085b00000, 0x0000000085b00000| Untracked 
|  92|0x0000000085c00000, 0x0000000085c00000, 0x0000000085d00000|  0%| F|  |TAMS 0x0000000085c00000, 0x0000000085c00000| Untracked 
|  93|0x0000000085d00000, 0x0000000085d00000, 0x0000000085e00000|  0%| F|  |TAMS 0x0000000085d00000, 0x0000000085d00000| Untracked 
|  94|0x0000000085e00000, 0x0000000085e00000, 0x0000000085f00000|  0%| F|  |TAMS 0x0000000085e00000, 0x0000000085e00000| Untracked 
|  95|0x0000000085f00000, 0x0000000085f00000, 0x0000000086000000|  0%| F|  |TAMS 0x0000000085f00000, 0x0000000085f00000| Untracked 
|  96|0x0000000086000000, 0x0000000086000000, 0x0000000086100000|  0%| F|  |TAMS 0x0000000086000000, 0x0000000086000000| Untracked 
|  97|0x0000000086100000, 0x0000000086100000, 0x0000000086200000|  0%| F|  |TAMS 0x0000000086100000, 0x0000000086100000| Untracked 
|  98|0x0000000086200000, 0x0000000086200000, 0x0000000086300000|  0%| F|  |TAMS 0x0000000086200000, 0x0000000086200000| Untracked 
|  99|0x0000000086300000, 0x0000000086300000, 0x0000000086400000|  0%| F|  |TAMS 0x0000000086300000, 0x0000000086300000| Untracked 
| 100|0x0000000086400000, 0x0000000086400000, 0x0000000086500000|  0%| F|  |TAMS 0x0000000086400000, 0x0000000086400000| Untracked 
| 101|0x0000000086500000, 0x0000000086500000, 0x0000000086600000|  0%| F|  |TAMS 0x0000000086500000, 0x0000000086500000| Untracked 
| 102|0x0000000086600000, 0x0000000086600000, 0x0000000086700000|  0%| F|  |TAMS 0x0000000086600000, 0x0000000086600000| Untracked 
| 103|0x0000000086700000, 0x0000000086700000, 0x0000000086800000|  0%| F|  |TAMS 0x0000000086700000, 0x0000000086700000| Untracked 
| 104|0x0000000086800000, 0x0000000086800000, 0x0000000086900000|  0%| F|  |TAMS 0x0000000086800000, 0x0000000086800000| Untracked 
| 105|0x0000000086900000, 0x0000000086900000, 0x0000000086a00000|  0%| F|  |TAMS 0x0000000086900000, 0x0000000086900000| Untracked 
| 106|0x0000000086a00000, 0x0000000086a00000, 0x0000000086b00000|  0%| F|  |TAMS 0x0000000086a00000, 0x0000000086a00000| Untracked 
| 107|0x0000000086b00000, 0x0000000086b00000, 0x0000000086c00000|  0%| F|  |TAMS 0x0000000086b00000, 0x0000000086b00000| Untracked 
| 108|0x0000000086c00000, 0x0000000086c00000, 0x0000000086d00000|  0%| F|  |TAMS 0x0000000086c00000, 0x0000000086c00000| Untracked 
| 109|0x0000000086d00000, 0x0000000086d00000, 0x0000000086e00000|  0%| F|  |TAMS 0x0000000086d00000, 0x0000000086d00000| Untracked 
| 110|0x0000000086e00000, 0x0000000086e00000, 0x0000000086f00000|  0%| F|  |TAMS 0x0000000086e00000, 0x0000000086e00000| Untracked 
| 111|0x0000000086f00000, 0x0000000086f00000, 0x0000000087000000|  0%| F|  |TAMS 0x0000000086f00000, 0x0000000086f00000| Untracked 
| 112|0x0000000087000000, 0x0000000087000000, 0x0000000087100000|  0%| F|  |TAMS 0x0000000087000000, 0x0000000087000000| Untracked 
| 113|0x0000000087100000, 0x0000000087100000, 0x0000000087200000|  0%| F|  |TAMS 0x0000000087100000, 0x0000000087100000| Untracked 
| 114|0x0000000087200000, 0x0000000087200000, 0x0000000087300000|  0%| F|  |TAMS 0x0000000087200000, 0x0000000087200000| Untracked 
| 115|0x0000000087300000, 0x0000000087300000, 0x0000000087400000|  0%| F|  |TAMS 0x0000000087300000, 0x0000000087300000| Untracked 
| 116|0x0000000087400000, 0x00000000874c1810, 0x0000000087500000| 75%| S|CS|TAMS 0x0000000087400000, 0x0000000087400000| Complete 
| 117|0x0000000087500000, 0x0000000087600000, 0x0000000087600000|100%| S|CS|TAMS 0x0000000087500000, 0x0000000087500000| Complete 
| 118|0x0000000087600000, 0x0000000087700000, 0x0000000087700000|100%| S|CS|TAMS 0x0000000087600000, 0x0000000087600000| Complete 
| 119|0x0000000087700000, 0x0000000087800000, 0x0000000087800000|100%| S|CS|TAMS 0x0000000087700000, 0x0000000087700000| Complete 
| 120|0x0000000087800000, 0x0000000087900000, 0x0000000087900000|100%| S|CS|TAMS 0x0000000087800000, 0x0000000087800000| Complete 
| 121|0x0000000087900000, 0x0000000087a00000, 0x0000000087a00000|100%| S|CS|TAMS 0x0000000087900000, 0x0000000087900000| Complete 
| 122|0x0000000087a00000, 0x0000000087b00000, 0x0000000087b00000|100%| S|CS|TAMS 0x0000000087a00000, 0x0000000087a00000| Complete 
| 123|0x0000000087b00000, 0x0000000087c00000, 0x0000000087c00000|100%| S|CS|TAMS 0x0000000087b00000, 0x0000000087b00000| Complete 
| 124|0x0000000087c00000, 0x0000000087d00000, 0x0000000087d00000|100%| S|CS|TAMS 0x0000000087c00000, 0x0000000087c00000| Complete 
| 125|0x0000000087d00000, 0x0000000087e00000, 0x0000000087e00000|100%| S|CS|TAMS 0x0000000087d00000, 0x0000000087d00000| Complete 
| 126|0x0000000087e00000, 0x0000000087f00000, 0x0000000087f00000|100%| S|CS|TAMS 0x0000000087e00000, 0x0000000087e00000| Complete 
| 127|0x0000000087f00000, 0x0000000088000000, 0x0000000088000000|100%| S|CS|TAMS 0x0000000087f00000, 0x0000000087f00000| Complete 
| 128|0x0000000088000000, 0x0000000088100000, 0x0000000088100000|100%| S|CS|TAMS 0x0000000088000000, 0x0000000088000000| Complete 
| 129|0x0000000088100000, 0x0000000088100000, 0x0000000088200000|  0%| F|  |TAMS 0x0000000088100000, 0x0000000088100000| Untracked 
| 130|0x0000000088200000, 0x0000000088200000, 0x0000000088300000|  0%| F|  |TAMS 0x0000000088200000, 0x0000000088200000| Untracked 
| 131|0x0000000088300000, 0x0000000088300000, 0x0000000088400000|  0%| F|  |TAMS 0x0000000088300000, 0x0000000088300000| Untracked 
| 132|0x0000000088400000, 0x0000000088400000, 0x0000000088500000|  0%| F|  |TAMS 0x0000000088400000, 0x0000000088400000| Untracked 
| 133|0x0000000088500000, 0x0000000088500000, 0x0000000088600000|  0%| F|  |TAMS 0x0000000088500000, 0x0000000088500000| Untracked 
| 134|0x0000000088600000, 0x0000000088600000, 0x0000000088700000|  0%| F|  |TAMS 0x0000000088600000, 0x0000000088600000| Untracked 
| 135|0x0000000088700000, 0x0000000088700000, 0x0000000088800000|  0%| F|  |TAMS 0x0000000088700000, 0x0000000088700000| Untracked 
| 136|0x0000000088800000, 0x0000000088800000, 0x0000000088900000|  0%| F|  |TAMS 0x0000000088800000, 0x0000000088800000| Untracked 
| 137|0x0000000088900000, 0x0000000088900000, 0x0000000088a00000|  0%| F|  |TAMS 0x0000000088900000, 0x0000000088900000| Untracked 
| 138|0x0000000088a00000, 0x0000000088a00000, 0x0000000088b00000|  0%| F|  |TAMS 0x0000000088a00000, 0x0000000088a00000| Untracked 
| 139|0x0000000088b00000, 0x0000000088b00000, 0x0000000088c00000|  0%| F|  |TAMS 0x0000000088b00000, 0x0000000088b00000| Untracked 
| 140|0x0000000088c00000, 0x0000000088c00000, 0x0000000088d00000|  0%| F|  |TAMS 0x0000000088c00000, 0x0000000088c00000| Untracked 
| 141|0x0000000088d00000, 0x0000000088d00000, 0x0000000088e00000|  0%| F|  |TAMS 0x0000000088d00000, 0x0000000088d00000| Untracked 
| 142|0x0000000088e00000, 0x0000000088e00000, 0x0000000088f00000|  0%| F|  |TAMS 0x0000000088e00000, 0x0000000088e00000| Untracked 
| 143|0x0000000088f00000, 0x0000000088f00000, 0x0000000089000000|  0%| F|  |TAMS 0x0000000088f00000, 0x0000000088f00000| Untracked 
| 144|0x0000000089000000, 0x0000000089000000, 0x0000000089100000|  0%| F|  |TAMS 0x0000000089000000, 0x0000000089000000| Untracked 
| 145|0x0000000089100000, 0x0000000089100000, 0x0000000089200000|  0%| F|  |TAMS 0x0000000089100000, 0x0000000089100000| Untracked 
| 146|0x0000000089200000, 0x0000000089200000, 0x0000000089300000|  0%| F|  |TAMS 0x0000000089200000, 0x0000000089200000| Untracked 
| 147|0x0000000089300000, 0x0000000089300000, 0x0000000089400000|  0%| F|  |TAMS 0x0000000089300000, 0x0000000089300000| Untracked 
| 148|0x0000000089400000, 0x0000000089400000, 0x0000000089500000|  0%| F|  |TAMS 0x0000000089400000, 0x0000000089400000| Untracked 
| 149|0x0000000089500000, 0x0000000089500000, 0x0000000089600000|  0%| F|  |TAMS 0x0000000089500000, 0x0000000089500000| Untracked 
| 150|0x0000000089600000, 0x0000000089600000, 0x0000000089700000|  0%| F|  |TAMS 0x0000000089600000, 0x0000000089600000| Untracked 
| 151|0x0000000089700000, 0x0000000089700000, 0x0000000089800000|  0%| F|  |TAMS 0x0000000089700000, 0x0000000089700000| Untracked 
| 152|0x0000000089800000, 0x0000000089800000, 0x0000000089900000|  0%| F|  |TAMS 0x0000000089800000, 0x0000000089800000| Untracked 
| 153|0x0000000089900000, 0x0000000089900000, 0x0000000089a00000|  0%| F|  |TAMS 0x0000000089900000, 0x0000000089900000| Untracked 
| 154|0x0000000089a00000, 0x0000000089a00000, 0x0000000089b00000|  0%| F|  |TAMS 0x0000000089a00000, 0x0000000089a00000| Untracked 
| 155|0x0000000089b00000, 0x0000000089b00000, 0x0000000089c00000|  0%| F|  |TAMS 0x0000000089b00000, 0x0000000089b00000| Untracked 
| 156|0x0000000089c00000, 0x0000000089c00000, 0x0000000089d00000|  0%| F|  |TAMS 0x0000000089c00000, 0x0000000089c00000| Untracked 
| 157|0x0000000089d00000, 0x0000000089d00000, 0x0000000089e00000|  0%| F|  |TAMS 0x0000000089d00000, 0x0000000089d00000| Untracked 
| 158|0x0000000089e00000, 0x0000000089e00000, 0x0000000089f00000|  0%| F|  |TAMS 0x0000000089e00000, 0x0000000089e00000| Untracked 
| 159|0x0000000089f00000, 0x0000000089f00000, 0x000000008a000000|  0%| F|  |TAMS 0x0000000089f00000, 0x0000000089f00000| Untracked 
| 160|0x000000008a000000, 0x000000008a000000, 0x000000008a100000|  0%| F|  |TAMS 0x000000008a000000, 0x000000008a000000| Untracked 
| 161|0x000000008a100000, 0x000000008a100000, 0x000000008a200000|  0%| F|  |TAMS 0x000000008a100000, 0x000000008a100000| Untracked 
| 162|0x000000008a200000, 0x000000008a200000, 0x000000008a300000|  0%| F|  |TAMS 0x000000008a200000, 0x000000008a200000| Untracked 
| 163|0x000000008a300000, 0x000000008a300000, 0x000000008a400000|  0%| F|  |TAMS 0x000000008a300000, 0x000000008a300000| Untracked 
| 164|0x000000008a400000, 0x000000008a400000, 0x000000008a500000|  0%| F|  |TAMS 0x000000008a400000, 0x000000008a400000| Untracked 
| 165|0x000000008a500000, 0x000000008a500000, 0x000000008a600000|  0%| F|  |TAMS 0x000000008a500000, 0x000000008a500000| Untracked 
| 166|0x000000008a600000, 0x000000008a600000, 0x000000008a700000|  0%| F|  |TAMS 0x000000008a600000, 0x000000008a600000| Untracked 
| 167|0x000000008a700000, 0x000000008a700000, 0x000000008a800000|  0%| F|  |TAMS 0x000000008a700000, 0x000000008a700000| Untracked 
| 168|0x000000008a800000, 0x000000008a800000, 0x000000008a900000|  0%| F|  |TAMS 0x000000008a800000, 0x000000008a800000| Untracked 
| 169|0x000000008a900000, 0x000000008a900000, 0x000000008aa00000|  0%| F|  |TAMS 0x000000008a900000, 0x000000008a900000| Untracked 
| 170|0x000000008aa00000, 0x000000008aa00000, 0x000000008ab00000|  0%| F|  |TAMS 0x000000008aa00000, 0x000000008aa00000| Untracked 
| 171|0x000000008ab00000, 0x000000008ab00000, 0x000000008ac00000|  0%| F|  |TAMS 0x000000008ab00000, 0x000000008ab00000| Untracked 
| 172|0x000000008ac00000, 0x000000008ac00000, 0x000000008ad00000|  0%| F|  |TAMS 0x000000008ac00000, 0x000000008ac00000| Untracked 
| 173|0x000000008ad00000, 0x000000008ad00000, 0x000000008ae00000|  0%| F|  |TAMS 0x000000008ad00000, 0x000000008ad00000| Untracked 
| 174|0x000000008ae00000, 0x000000008ae00000, 0x000000008af00000|  0%| F|  |TAMS 0x000000008ae00000, 0x000000008ae00000| Untracked 
| 175|0x000000008af00000, 0x000000008af00000, 0x000000008b000000|  0%| F|  |TAMS 0x000000008af00000, 0x000000008af00000| Untracked 
| 176|0x000000008b000000, 0x000000008b000000, 0x000000008b100000|  0%| F|  |TAMS 0x000000008b000000, 0x000000008b000000| Untracked 
| 177|0x000000008b100000, 0x000000008b100000, 0x000000008b200000|  0%| F|  |TAMS 0x000000008b100000, 0x000000008b100000| Untracked 
| 178|0x000000008b200000, 0x000000008b200000, 0x000000008b300000|  0%| F|  |TAMS 0x000000008b200000, 0x000000008b200000| Untracked 
| 179|0x000000008b300000, 0x000000008b300000, 0x000000008b400000|  0%| F|  |TAMS 0x000000008b300000, 0x000000008b300000| Untracked 
| 180|0x000000008b400000, 0x000000008b400000, 0x000000008b500000|  0%| F|  |TAMS 0x000000008b400000, 0x000000008b400000| Untracked 
| 181|0x000000008b500000, 0x000000008b500000, 0x000000008b600000|  0%| F|  |TAMS 0x000000008b500000, 0x000000008b500000| Untracked 
| 182|0x000000008b600000, 0x000000008b600000, 0x000000008b700000|  0%| F|  |TAMS 0x000000008b600000, 0x000000008b600000| Untracked 
| 183|0x000000008b700000, 0x000000008b700000, 0x000000008b800000|  0%| F|  |TAMS 0x000000008b700000, 0x000000008b700000| Untracked 
| 184|0x000000008b800000, 0x000000008b800000, 0x000000008b900000|  0%| F|  |TAMS 0x000000008b800000, 0x000000008b800000| Untracked 
| 185|0x000000008b900000, 0x000000008b900000, 0x000000008ba00000|  0%| F|  |TAMS 0x000000008b900000, 0x000000008b900000| Untracked 
| 186|0x000000008ba00000, 0x000000008ba00000, 0x000000008bb00000|  0%| F|  |TAMS 0x000000008ba00000, 0x000000008ba00000| Untracked 
| 187|0x000000008bb00000, 0x000000008bb00000, 0x000000008bc00000|  0%| F|  |TAMS 0x000000008bb00000, 0x000000008bb00000| Untracked 
| 188|0x000000008bc00000, 0x000000008bc00000, 0x000000008bd00000|  0%| F|  |TAMS 0x000000008bc00000, 0x000000008bc00000| Untracked 
| 189|0x000000008bd00000, 0x000000008bd00000, 0x000000008be00000|  0%| F|  |TAMS 0x000000008bd00000, 0x000000008bd00000| Untracked 
| 190|0x000000008be00000, 0x000000008be00000, 0x000000008bf00000|  0%| F|  |TAMS 0x000000008be00000, 0x000000008be00000| Untracked 
| 191|0x000000008bf00000, 0x000000008bf00000, 0x000000008c000000|  0%| F|  |TAMS 0x000000008bf00000, 0x000000008bf00000| Untracked 
| 192|0x000000008c000000, 0x000000008c000000, 0x000000008c100000|  0%| F|  |TAMS 0x000000008c000000, 0x000000008c000000| Untracked 
| 193|0x000000008c100000, 0x000000008c100000, 0x000000008c200000|  0%| F|  |TAMS 0x000000008c100000, 0x000000008c100000| Untracked 
| 194|0x000000008c200000, 0x000000008c200000, 0x000000008c300000|  0%| F|  |TAMS 0x000000008c200000, 0x000000008c200000| Untracked 
| 195|0x000000008c300000, 0x000000008c300000, 0x000000008c400000|  0%| F|  |TAMS 0x000000008c300000, 0x000000008c300000| Untracked 
| 196|0x000000008c400000, 0x000000008c400000, 0x000000008c500000|  0%| F|  |TAMS 0x000000008c400000, 0x000000008c400000| Untracked 
| 197|0x000000008c500000, 0x000000008c500000, 0x000000008c600000|  0%| F|  |TAMS 0x000000008c500000, 0x000000008c500000| Untracked 
| 198|0x000000008c600000, 0x000000008c600000, 0x000000008c700000|  0%| F|  |TAMS 0x000000008c600000, 0x000000008c600000| Untracked 
| 199|0x000000008c700000, 0x000000008c700000, 0x000000008c800000|  0%| F|  |TAMS 0x000000008c700000, 0x000000008c700000| Untracked 
| 200|0x000000008c800000, 0x000000008c800000, 0x000000008c900000|  0%| F|  |TAMS 0x000000008c800000, 0x000000008c800000| Untracked 
| 201|0x000000008c900000, 0x000000008c900000, 0x000000008ca00000|  0%| F|  |TAMS 0x000000008c900000, 0x000000008c900000| Untracked 
| 202|0x000000008ca00000, 0x000000008ca00000, 0x000000008cb00000|  0%| F|  |TAMS 0x000000008ca00000, 0x000000008ca00000| Untracked 
| 203|0x000000008cb00000, 0x000000008cb00000, 0x000000008cc00000|  0%| F|  |TAMS 0x000000008cb00000, 0x000000008cb00000| Untracked 
| 204|0x000000008cc00000, 0x000000008cc00000, 0x000000008cd00000|  0%| F|  |TAMS 0x000000008cc00000, 0x000000008cc00000| Untracked 
| 205|0x000000008cd00000, 0x000000008cd00000, 0x000000008ce00000|  0%| F|  |TAMS 0x000000008cd00000, 0x000000008cd00000| Untracked 
| 206|0x000000008ce00000, 0x000000008ce00000, 0x000000008cf00000|  0%| F|  |TAMS 0x000000008ce00000, 0x000000008ce00000| Untracked 
| 207|0x000000008cf00000, 0x000000008cf00000, 0x000000008d000000|  0%| F|  |TAMS 0x000000008cf00000, 0x000000008cf00000| Untracked 
| 208|0x000000008d000000, 0x000000008d000000, 0x000000008d100000|  0%| F|  |TAMS 0x000000008d000000, 0x000000008d000000| Untracked 
| 209|0x000000008d100000, 0x000000008d100000, 0x000000008d200000|  0%| F|  |TAMS 0x000000008d100000, 0x000000008d100000| Untracked 
| 210|0x000000008d200000, 0x000000008d200000, 0x000000008d300000|  0%| F|  |TAMS 0x000000008d200000, 0x000000008d200000| Untracked 
| 211|0x000000008d300000, 0x000000008d300000, 0x000000008d400000|  0%| F|  |TAMS 0x000000008d300000, 0x000000008d300000| Untracked 
| 212|0x000000008d400000, 0x000000008d400000, 0x000000008d500000|  0%| F|  |TAMS 0x000000008d400000, 0x000000008d400000| Untracked 
| 213|0x000000008d500000, 0x000000008d500000, 0x000000008d600000|  0%| F|  |TAMS 0x000000008d500000, 0x000000008d500000| Untracked 
| 214|0x000000008d600000, 0x000000008d600000, 0x000000008d700000|  0%| F|  |TAMS 0x000000008d600000, 0x000000008d600000| Untracked 
| 215|0x000000008d700000, 0x000000008d700000, 0x000000008d800000|  0%| F|  |TAMS 0x000000008d700000, 0x000000008d700000| Untracked 
| 216|0x000000008d800000, 0x000000008d800000, 0x000000008d900000|  0%| F|  |TAMS 0x000000008d800000, 0x000000008d800000| Untracked 
| 217|0x000000008d900000, 0x000000008d900000, 0x000000008da00000|  0%| F|  |TAMS 0x000000008d900000, 0x000000008d900000| Untracked 
| 218|0x000000008da00000, 0x000000008da00000, 0x000000008db00000|  0%| F|  |TAMS 0x000000008da00000, 0x000000008da00000| Untracked 
| 219|0x000000008db00000, 0x000000008db00000, 0x000000008dc00000|  0%| F|  |TAMS 0x000000008db00000, 0x000000008db00000| Untracked 
| 220|0x000000008dc00000, 0x000000008dc00000, 0x000000008dd00000|  0%| F|  |TAMS 0x000000008dc00000, 0x000000008dc00000| Untracked 
| 221|0x000000008dd00000, 0x000000008dd00000, 0x000000008de00000|  0%| F|  |TAMS 0x000000008dd00000, 0x000000008dd00000| Untracked 
| 222|0x000000008de00000, 0x000000008de00000, 0x000000008df00000|  0%| F|  |TAMS 0x000000008de00000, 0x000000008de00000| Untracked 
| 223|0x000000008df00000, 0x000000008df00000, 0x000000008e000000|  0%| F|  |TAMS 0x000000008df00000, 0x000000008df00000| Untracked 
| 224|0x000000008e000000, 0x000000008e000000, 0x000000008e100000|  0%| F|  |TAMS 0x000000008e000000, 0x000000008e000000| Untracked 
| 225|0x000000008e100000, 0x000000008e100000, 0x000000008e200000|  0%| F|  |TAMS 0x000000008e100000, 0x000000008e100000| Untracked 
| 226|0x000000008e200000, 0x000000008e200000, 0x000000008e300000|  0%| F|  |TAMS 0x000000008e200000, 0x000000008e200000| Untracked 
| 227|0x000000008e300000, 0x000000008e300000, 0x000000008e400000|  0%| F|  |TAMS 0x000000008e300000, 0x000000008e300000| Untracked 
| 228|0x000000008e400000, 0x000000008e400000, 0x000000008e500000|  0%| F|  |TAMS 0x000000008e400000, 0x000000008e400000| Untracked 
| 229|0x000000008e500000, 0x000000008e500000, 0x000000008e600000|  0%| F|  |TAMS 0x000000008e500000, 0x000000008e500000| Untracked 
| 230|0x000000008e600000, 0x000000008e600000, 0x000000008e700000|  0%| F|  |TAMS 0x000000008e600000, 0x000000008e600000| Untracked 
| 231|0x000000008e700000, 0x000000008e700000, 0x000000008e800000|  0%| F|  |TAMS 0x000000008e700000, 0x000000008e700000| Untracked 
| 232|0x000000008e800000, 0x000000008e800000, 0x000000008e900000|  0%| F|  |TAMS 0x000000008e800000, 0x000000008e800000| Untracked 
| 233|0x000000008e900000, 0x000000008e900000, 0x000000008ea00000|  0%| F|  |TAMS 0x000000008e900000, 0x000000008e900000| Untracked 
| 234|0x000000008ea00000, 0x000000008ea81730, 0x000000008eb00000| 50%| E|  |TAMS 0x000000008ea00000, 0x000000008ea00000| Complete 
| 235|0x000000008eb00000, 0x000000008ec00000, 0x000000008ec00000|100%| E|  |TAMS 0x000000008eb00000, 0x000000008eb00000| Complete 
| 236|0x000000008ec00000, 0x000000008ed00000, 0x000000008ed00000|100%| E|CS|TAMS 0x000000008ec00000, 0x000000008ec00000| Complete 
| 237|0x000000008ed00000, 0x000000008ee00000, 0x000000008ee00000|100%| E|CS|TAMS 0x000000008ed00000, 0x000000008ed00000| Complete 
| 238|0x000000008ee00000, 0x000000008ef00000, 0x000000008ef00000|100%| E|CS|TAMS 0x000000008ee00000, 0x000000008ee00000| Complete 
| 239|0x000000008ef00000, 0x000000008f000000, 0x000000008f000000|100%| E|CS|TAMS 0x000000008ef00000, 0x000000008ef00000| Complete 
| 240|0x000000008f000000, 0x000000008f100000, 0x000000008f100000|100%| E|CS|TAMS 0x000000008f000000, 0x000000008f000000| Complete 
| 241|0x000000008f100000, 0x000000008f200000, 0x000000008f200000|100%| E|CS|TAMS 0x000000008f100000, 0x000000008f100000| Complete 
| 242|0x000000008f200000, 0x000000008f300000, 0x000000008f300000|100%| E|CS|TAMS 0x000000008f200000, 0x000000008f200000| Complete 
| 243|0x000000008f300000, 0x000000008f400000, 0x000000008f400000|100%| E|CS|TAMS 0x000000008f300000, 0x000000008f300000| Complete 
| 244|0x000000008f400000, 0x000000008f500000, 0x000000008f500000|100%| E|CS|TAMS 0x000000008f400000, 0x000000008f400000| Complete 
| 245|0x000000008f500000, 0x000000008f600000, 0x000000008f600000|100%| E|CS|TAMS 0x000000008f500000, 0x000000008f500000| Complete 
| 246|0x000000008f600000, 0x000000008f700000, 0x000000008f700000|100%| E|CS|TAMS 0x000000008f600000, 0x000000008f600000| Complete 
| 247|0x000000008f700000, 0x000000008f800000, 0x000000008f800000|100%| E|CS|TAMS 0x000000008f700000, 0x000000008f700000| Complete 
| 248|0x000000008f800000, 0x000000008f900000, 0x000000008f900000|100%| E|CS|TAMS 0x000000008f800000, 0x000000008f800000| Complete 
| 249|0x000000008f900000, 0x000000008fa00000, 0x000000008fa00000|100%| E|CS|TAMS 0x000000008f900000, 0x000000008f900000| Complete 
| 250|0x000000008fa00000, 0x000000008fb00000, 0x000000008fb00000|100%| E|CS|TAMS 0x000000008fa00000, 0x000000008fa00000| Complete 
| 251|0x000000008fb00000, 0x000000008fc00000, 0x000000008fc00000|100%| E|CS|TAMS 0x000000008fb00000, 0x000000008fb00000| Complete 
| 252|0x000000008fc00000, 0x000000008fd00000, 0x000000008fd00000|100%| E|CS|TAMS 0x000000008fc00000, 0x000000008fc00000| Complete 
| 253|0x000000008fd00000, 0x000000008fe00000, 0x000000008fe00000|100%| E|CS|TAMS 0x000000008fd00000, 0x000000008fd00000| Complete 
| 254|0x000000008fe00000, 0x000000008ff00000, 0x000000008ff00000|100%| E|CS|TAMS 0x000000008fe00000, 0x000000008fe00000| Complete 
| 255|0x000000008ff00000, 0x0000000090000000, 0x0000000090000000|100%| E|CS|TAMS 0x000000008ff00000, 0x000000008ff00000| Complete 
| 256|0x0000000090000000, 0x0000000090100000, 0x0000000090100000|100%| E|CS|TAMS 0x0000000090000000, 0x0000000090000000| Complete 
| 257|0x0000000090100000, 0x0000000090200000, 0x0000000090200000|100%| E|CS|TAMS 0x0000000090100000, 0x0000000090100000| Complete 
| 258|0x0000000090200000, 0x0000000090300000, 0x0000000090300000|100%| E|CS|TAMS 0x0000000090200000, 0x0000000090200000| Complete 
| 259|0x0000000090300000, 0x0000000090400000, 0x0000000090400000|100%| E|CS|TAMS 0x0000000090300000, 0x0000000090300000| Complete 
| 260|0x0000000090400000, 0x0000000090500000, 0x0000000090500000|100%| E|CS|TAMS 0x0000000090400000, 0x0000000090400000| Complete 
| 261|0x0000000090500000, 0x0000000090600000, 0x0000000090600000|100%| E|CS|TAMS 0x0000000090500000, 0x0000000090500000| Complete 
| 262|0x0000000090600000, 0x0000000090700000, 0x0000000090700000|100%| E|CS|TAMS 0x0000000090600000, 0x0000000090600000| Complete 
| 263|0x0000000090700000, 0x0000000090800000, 0x0000000090800000|100%| E|CS|TAMS 0x0000000090700000, 0x0000000090700000| Complete 
| 264|0x0000000090800000, 0x0000000090900000, 0x0000000090900000|100%| E|CS|TAMS 0x0000000090800000, 0x0000000090800000| Complete 
| 265|0x0000000090900000, 0x0000000090a00000, 0x0000000090a00000|100%| E|CS|TAMS 0x0000000090900000, 0x0000000090900000| Complete 
| 266|0x0000000090a00000, 0x0000000090b00000, 0x0000000090b00000|100%| E|CS|TAMS 0x0000000090a00000, 0x0000000090a00000| Complete 
| 267|0x0000000090b00000, 0x0000000090c00000, 0x0000000090c00000|100%| E|CS|TAMS 0x0000000090b00000, 0x0000000090b00000| Complete 
| 268|0x0000000090c00000, 0x0000000090d00000, 0x0000000090d00000|100%| E|CS|TAMS 0x0000000090c00000, 0x0000000090c00000| Complete 
| 269|0x0000000090d00000, 0x0000000090e00000, 0x0000000090e00000|100%| E|CS|TAMS 0x0000000090d00000, 0x0000000090d00000| Complete 
| 270|0x0000000090e00000, 0x0000000090f00000, 0x0000000090f00000|100%| E|CS|TAMS 0x0000000090e00000, 0x0000000090e00000| Complete 
| 271|0x0000000090f00000, 0x0000000091000000, 0x0000000091000000|100%| E|CS|TAMS 0x0000000090f00000, 0x0000000090f00000| Complete 
| 272|0x0000000091000000, 0x0000000091100000, 0x0000000091100000|100%| E|CS|TAMS 0x0000000091000000, 0x0000000091000000| Complete 
| 273|0x0000000091100000, 0x0000000091200000, 0x0000000091200000|100%| E|CS|TAMS 0x0000000091100000, 0x0000000091100000| Complete 
| 274|0x0000000091200000, 0x0000000091300000, 0x0000000091300000|100%| E|CS|TAMS 0x0000000091200000, 0x0000000091200000| Complete 
| 275|0x0000000091300000, 0x0000000091400000, 0x0000000091400000|100%| E|CS|TAMS 0x0000000091300000, 0x0000000091300000| Complete 
| 276|0x0000000091400000, 0x0000000091500000, 0x0000000091500000|100%| E|CS|TAMS 0x0000000091400000, 0x0000000091400000| Complete 
| 277|0x0000000091500000, 0x0000000091600000, 0x0000000091600000|100%| E|CS|TAMS 0x0000000091500000, 0x0000000091500000| Complete 
| 278|0x0000000091600000, 0x0000000091700000, 0x0000000091700000|100%| E|CS|TAMS 0x0000000091600000, 0x0000000091600000| Complete 
| 279|0x0000000091700000, 0x0000000091800000, 0x0000000091800000|100%| E|CS|TAMS 0x0000000091700000, 0x0000000091700000| Complete 
| 280|0x0000000091800000, 0x0000000091900000, 0x0000000091900000|100%| E|CS|TAMS 0x0000000091800000, 0x0000000091800000| Complete 
| 281|0x0000000091900000, 0x0000000091a00000, 0x0000000091a00000|100%| E|CS|TAMS 0x0000000091900000, 0x0000000091900000| Complete 
| 282|0x0000000091a00000, 0x0000000091b00000, 0x0000000091b00000|100%| E|CS|TAMS 0x0000000091a00000, 0x0000000091a00000| Complete 
| 283|0x0000000091b00000, 0x0000000091c00000, 0x0000000091c00000|100%| E|CS|TAMS 0x0000000091b00000, 0x0000000091b00000| Complete 
| 284|0x0000000091c00000, 0x0000000091d00000, 0x0000000091d00000|100%| E|CS|TAMS 0x0000000091c00000, 0x0000000091c00000| Complete 
| 285|0x0000000091d00000, 0x0000000091e00000, 0x0000000091e00000|100%| E|CS|TAMS 0x0000000091d00000, 0x0000000091d00000| Complete 
| 286|0x0000000091e00000, 0x0000000091f00000, 0x0000000091f00000|100%| E|CS|TAMS 0x0000000091e00000, 0x0000000091e00000| Complete 
| 287|0x0000000091f00000, 0x0000000092000000, 0x0000000092000000|100%| E|CS|TAMS 0x0000000091f00000, 0x0000000091f00000| Complete 
| 288|0x0000000092000000, 0x0000000092100000, 0x0000000092100000|100%| E|CS|TAMS 0x0000000092000000, 0x0000000092000000| Complete 
| 289|0x0000000092100000, 0x0000000092200000, 0x0000000092200000|100%| E|CS|TAMS 0x0000000092100000, 0x0000000092100000| Complete 
| 290|0x0000000092200000, 0x0000000092300000, 0x0000000092300000|100%| E|CS|TAMS 0x0000000092200000, 0x0000000092200000| Complete 
| 291|0x0000000092300000, 0x0000000092400000, 0x0000000092400000|100%| E|CS|TAMS 0x0000000092300000, 0x0000000092300000| Complete 
| 292|0x0000000092400000, 0x0000000092500000, 0x0000000092500000|100%| E|CS|TAMS 0x0000000092400000, 0x0000000092400000| Complete 
| 293|0x0000000092500000, 0x0000000092600000, 0x0000000092600000|100%| E|CS|TAMS 0x0000000092500000, 0x0000000092500000| Complete 
| 294|0x0000000092600000, 0x0000000092700000, 0x0000000092700000|100%| E|CS|TAMS 0x0000000092600000, 0x0000000092600000| Complete 
| 295|0x0000000092700000, 0x0000000092800000, 0x0000000092800000|100%| E|CS|TAMS 0x0000000092700000, 0x0000000092700000| Complete 
| 296|0x0000000092800000, 0x0000000092900000, 0x0000000092900000|100%| E|CS|TAMS 0x0000000092800000, 0x0000000092800000| Complete 
| 297|0x0000000092900000, 0x0000000092a00000, 0x0000000092a00000|100%| E|CS|TAMS 0x0000000092900000, 0x0000000092900000| Complete 
| 298|0x0000000092a00000, 0x0000000092b00000, 0x0000000092b00000|100%| E|CS|TAMS 0x0000000092a00000, 0x0000000092a00000| Complete 
| 299|0x0000000092b00000, 0x0000000092c00000, 0x0000000092c00000|100%| E|CS|TAMS 0x0000000092b00000, 0x0000000092b00000| Complete 
| 300|0x0000000092c00000, 0x0000000092d00000, 0x0000000092d00000|100%| E|CS|TAMS 0x0000000092c00000, 0x0000000092c00000| Complete 
| 301|0x0000000092d00000, 0x0000000092e00000, 0x0000000092e00000|100%| E|CS|TAMS 0x0000000092d00000, 0x0000000092d00000| Complete 
| 302|0x0000000092e00000, 0x0000000092f00000, 0x0000000092f00000|100%| E|CS|TAMS 0x0000000092e00000, 0x0000000092e00000| Complete 
| 303|0x0000000092f00000, 0x0000000093000000, 0x0000000093000000|100%| E|CS|TAMS 0x0000000092f00000, 0x0000000092f00000| Complete 
| 304|0x0000000093000000, 0x0000000093100000, 0x0000000093100000|100%| E|CS|TAMS 0x0000000093000000, 0x0000000093000000| Complete 
| 305|0x0000000093100000, 0x0000000093200000, 0x0000000093200000|100%| E|CS|TAMS 0x0000000093100000, 0x0000000093100000| Complete 
| 306|0x0000000093200000, 0x0000000093300000, 0x0000000093300000|100%| E|CS|TAMS 0x0000000093200000, 0x0000000093200000| Complete 
| 307|0x0000000093300000, 0x0000000093400000, 0x0000000093400000|100%| E|CS|TAMS 0x0000000093300000, 0x0000000093300000| Complete 
| 308|0x0000000093400000, 0x0000000093500000, 0x0000000093500000|100%| E|CS|TAMS 0x0000000093400000, 0x0000000093400000| Complete 
| 309|0x0000000093500000, 0x0000000093600000, 0x0000000093600000|100%| E|CS|TAMS 0x0000000093500000, 0x0000000093500000| Complete 
| 310|0x0000000093600000, 0x0000000093700000, 0x0000000093700000|100%| E|CS|TAMS 0x0000000093600000, 0x0000000093600000| Complete 
| 311|0x0000000093700000, 0x0000000093800000, 0x0000000093800000|100%| E|CS|TAMS 0x0000000093700000, 0x0000000093700000| Complete 
| 312|0x0000000093800000, 0x0000000093900000, 0x0000000093900000|100%| E|CS|TAMS 0x0000000093800000, 0x0000000093800000| Complete 
| 313|0x0000000093900000, 0x0000000093a00000, 0x0000000093a00000|100%| E|CS|TAMS 0x0000000093900000, 0x0000000093900000| Complete 
| 314|0x0000000093a00000, 0x0000000093b00000, 0x0000000093b00000|100%| E|CS|TAMS 0x0000000093a00000, 0x0000000093a00000| Complete 
| 315|0x0000000093b00000, 0x0000000093c00000, 0x0000000093c00000|100%| E|CS|TAMS 0x0000000093b00000, 0x0000000093b00000| Complete 
| 316|0x0000000093c00000, 0x0000000093d00000, 0x0000000093d00000|100%| E|CS|TAMS 0x0000000093c00000, 0x0000000093c00000| Complete 
| 317|0x0000000093d00000, 0x0000000093e00000, 0x0000000093e00000|100%| E|CS|TAMS 0x0000000093d00000, 0x0000000093d00000| Complete 
| 318|0x0000000093e00000, 0x0000000093f00000, 0x0000000093f00000|100%| E|CS|TAMS 0x0000000093e00000, 0x0000000093e00000| Complete 
| 319|0x0000000093f00000, 0x0000000094000000, 0x0000000094000000|100%| E|CS|TAMS 0x0000000093f00000, 0x0000000093f00000| Complete 
| 320|0x0000000094000000, 0x0000000094100000, 0x0000000094100000|100%| E|CS|TAMS 0x0000000094000000, 0x0000000094000000| Complete 

Card table byte_map: [0x00000158343f0000,0x00000158347f0000] _byte_map_base: 0x0000015833ff0000

Marking Bits (Prev, Next): (CMBitMap*) 0x000001581c535748, (CMBitMap*) 0x000001581c535780
 Prev Bits: [0x0000015834bf0000, 0x0000015836bf0000)
 Next Bits: [0x0000015836bf0000, 0x0000015838bf0000)

Polling page: 0x000001581c5e0000

Metaspace:

Usage:
  Non-class:     54.55 MB capacity,    53.46 MB ( 98%) used,   977.47 KB (  2%) free+waste,   145.38 KB ( <1%) overhead. 
      Class:      7.86 MB capacity,     7.34 MB ( 93%) used,   473.91 KB (  6%) free+waste,    66.25 KB ( <1%) overhead. 
       Both:     62.42 MB capacity,    60.79 MB ( 97%) used,     1.42 MB (  2%) free+waste,   211.63 KB ( <1%) overhead. 

Virtual space:
  Non-class space:       56.00 MB reserved,      54.62 MB ( 98%) committed 
      Class space:        1.00 GB reserved,       7.88 MB ( <1%) committed 
             Both:        1.05 GB reserved,      62.50 MB (  6%) committed 

Chunk freelists:
   Non-Class:  896 bytes
       Class:  0 bytes
        Both:  896 bytes

CodeHeap 'non-profiled nmethods': size=120064Kb used=7850Kb max_used=7850Kb free=112213Kb
 bounds [0x000001582c470000, 0x000001582cc20000, 0x00000158339b0000]
CodeHeap 'profiled nmethods': size=120000Kb used=20999Kb max_used=20999Kb free=99000Kb
 bounds [0x0000015824f40000, 0x00000158263d0000, 0x000001582c470000]
CodeHeap 'non-nmethods': size=5696Kb used=2254Kb max_used=2299Kb free=3441Kb
 bounds [0x00000158249b0000, 0x0000015824c20000, 0x0000015824f40000]
 total_blobs=9840 nmethods=8992 adapters=759
 compilation: enabled
              stopped_count=0, restarted_count=0
 full_count=0

Compilation events (10 events):
Event: 83.266 Thread 0x000001583b245000 nmethod 9802 0x00000158263cb890 code [0x00000158263cba40, 0x00000158263cbc68]
Event: 83.266 Thread 0x000001583b245000 9803       3       java.util.HashMap$ValueSpliterator::<init> (12 bytes)
Event: 83.266 Thread 0x000001583b245000 nmethod 9803 0x00000158263cbd90 code [0x00000158263cbf40, 0x00000158263cc158]
Event: 90.276 Thread 0x000001583b242000 9804       4       java.util.stream.ReduceOps$3ReducingSink::accept (15 bytes)
Event: 90.277 Thread 0x000001583b242000 nmethod 9804 0x000001582cc1b490 code [0x000001582cc1b620, 0x000001582cc1b6b8]
Event: 94.271 Thread 0x000001583b245000 9805       1       java.util.ArrayList$ArrayListSpliterator::characteristics (4 bytes)
Event: 94.271 Thread 0x000001583b245000 nmethod 9805 0x000001582cc1b790 code [0x000001582cc1b920, 0x000001582cc1b9d8]
Event: 96.269 Thread 0x000001583b242000 9806       4       java.util.stream.AbstractPipeline::sequential (10 bytes)
Event: 96.270 Thread 0x000001583b242000 nmethod 9806 0x000001582cc1ba90 code [0x000001582cc1bc20, 0x000001582cc1bc98]
Event: 98.272 Thread 0x000001583b242000 9807       4       javax.management.ObjectName::construct (1135 bytes)

GC Heap History (10 events):
Event: 18.807 GC heap before
{Heap before GC invocations=46 (full 0):
 garbage-first heap   total 328704K, used 257673K [0x0000000080000000, 0x0000000100000000)
  region size 1024K, 192 young (196608K), 7 survivors (7168K)
 Metaspace       used 44455K, capacity 45482K, committed 45564K, reserved 1089536K
  class space    used 5564K, capacity 5935K, committed 6016K, reserved 1048576K
}
Event: 18.810 GC heap after
{Heap after GC invocations=47 (full 0):
 garbage-first heap   total 328704K, used 62192K [0x0000000080000000, 0x0000000100000000)
  region size 1024K, 4 young (4096K), 4 survivors (4096K)
 Metaspace       used 44455K, capacity 45482K, committed 45564K, reserved 1089536K
  class space    used 5564K, capacity 5935K, committed 6016K, reserved 1048576K
}
Event: 19.315 GC heap before
{Heap before GC invocations=47 (full 0):
 garbage-first heap   total 328704K, used 254704K [0x0000000080000000, 0x0000000100000000)
  region size 1024K, 192 young (196608K), 4 survivors (4096K)
 Metaspace       used 44455K, capacity 45482K, committed 45564K, reserved 1089536K
  class space    used 5564K, capacity 5935K, committed 6016K, reserved 1048576K
}
Event: 19.318 GC heap after
{Heap after GC invocations=48 (full 0):
 garbage-first heap   total 328704K, used 64731K [0x0000000080000000, 0x0000000100000000)
  region size 1024K, 6 young (6144K), 6 survivors (6144K)
 Metaspace       used 44455K, capacity 45482K, committed 45564K, reserved 1089536K
  class space    used 5564K, capacity 5935K, committed 6016K, reserved 1048576K
}
Event: 20.628 GC heap before
{Heap before GC invocations=48 (full 0):
 garbage-first heap   total 328704K, used 262363K [0x0000000080000000, 0x0000000100000000)
  region size 1024K, 192 young (196608K), 6 survivors (6144K)
 Metaspace       used 47503K, capacity 48790K, committed 48892K, reserved 1091584K
  class space    used 5825K, capacity 6240K, committed 6272K, reserved 1048576K
}
Event: 20.635 GC heap after
{Heap after GC invocations=49 (full 0):
 garbage-first heap   total 328704K, used 68026K [0x0000000080000000, 0x0000000100000000)
  region size 1024K, 6 young (6144K), 6 survivors (6144K)
 Metaspace       used 47503K, capacity 48790K, committed 48892K, reserved 1091584K
  class space    used 5825K, capacity 6240K, committed 6272K, reserved 1048576K
}
Event: 22.741 GC heap before
{Heap before GC invocations=49 (full 0):
 garbage-first heap   total 328704K, used 164282K [0x0000000080000000, 0x0000000100000000)
  region size 1024K, 101 young (103424K), 6 survivors (6144K)
 Metaspace       used 58228K, capacity 59798K, committed 59940K, reserved 1101824K
  class space    used 7293K, capacity 7836K, committed 7936K, reserved 1048576K
}
Event: 22.753 GC heap after
{Heap after GC invocations=50 (full 0):
 garbage-first heap   total 328704K, used 74353K [0x0000000080000000, 0x0000000100000000)
  region size 1024K, 12 young (12288K), 12 survivors (12288K)
 Metaspace       used 58228K, capacity 59798K, committed 59940K, reserved 1101824K
  class space    used 7293K, capacity 7836K, committed 7936K, reserved 1048576K
}
Event: 51.246 GC heap before
{Heap before GC invocations=51 (full 0):
 garbage-first heap   total 328704K, used 253553K [0x0000000080000000, 0x0000000100000000)
  region size 1024K, 192 young (196608K), 12 survivors (12288K)
 Metaspace       used 62207K, capacity 63783K, committed 63996K, reserved 1105920K
  class space    used 7511K, capacity 8053K, committed 8064K, reserved 1048576K
}
Event: 51.268 GC heap after
{Heap after GC invocations=52 (full 0):
 garbage-first heap   total 328704K, used 71156K [0x0000000080000000, 0x0000000100000000)
  region size 1024K, 13 young (13312K), 13 survivors (13312K)
 Metaspace       used 62207K, capacity 63783K, committed 63996K, reserved 1105920K
  class space    used 7511K, capacity 8053K, committed 8064K, reserved 1048576K
}

Deoptimization events (10 events):
Event: 37.000 Thread 0x000001583dd79800 Uncommon trap: reason=unstable_if action=reinterpret pc=0x000001582c7d9380 method=java.util.stream.ReduceOps$3.getOpFlags()I @ 17 c2
Event: 37.010 Thread 0x000001583dd79800 Uncommon trap: reason=unstable_if action=reinterpret pc=0x000001582c96ccc8 method=java.util.stream.ReduceOps$3.getOpFlags()I @ 17 c2
Event: 37.016 Thread 0x000001583dd79800 Uncommon trap: reason=unstable_if action=reinterpret pc=0x000001582cb60904 method=com.esotericsoftware.kryo.io.Output.require(I)Z @ 10 c2
Event: 37.017 Thread 0x000001583dd79800 Uncommon trap: reason=unstable_if action=reinterpret pc=0x000001582c51c5c8 method=com.esotericsoftware.kryo.io.Output.writeVarInt(IZ)I @ 111 c2
Event: 40.943 Thread 0x000001583dd79000 Uncommon trap: reason=profile_predicate action=maybe_recompile pc=0x000001582c5bb0dc method=java.util.Collections.indexedBinarySearch(Ljava/util/List;Ljava/lang/Object;)I @ 13 c2
Event: 41.245 Thread 0x000001583dd79000 Uncommon trap: reason=profile_predicate action=maybe_recompile pc=0x000001582c5bb0dc method=java.util.Collections.indexedBinarySearch(Ljava/util/List;Ljava/lang/Object;)I @ 13 c2
Event: 41.302 Thread 0x000001583dd79000 Uncommon trap: reason=profile_predicate action=maybe_recompile pc=0x000001582c5bb0dc method=java.util.Collections.indexedBinarySearch(Ljava/util/List;Ljava/lang/Object;)I @ 13 c2
Event: 41.556 Thread 0x000001583dd79000 Uncommon trap: reason=profile_predicate action=maybe_recompile pc=0x000001582c5bb0dc method=java.util.Collections.indexedBinarySearch(Ljava/util/List;Ljava/lang/Object;)I @ 13 c2
Event: 51.268 Thread 0x000001583bd1a000 Uncommon trap: reason=class_check action=maybe_recompile pc=0x000001582c5c88cc method=jdk.internal.ref.PhantomCleanable.clean()V @ 12 c2
Event: 51.268 Thread 0x000001583bd1a000 Uncommon trap: reason=class_check action=maybe_recompile pc=0x000001582c5c88cc method=jdk.internal.ref.PhantomCleanable.clean()V @ 12 c2

Classes redefined (0 events):
No events

Internal exceptions (10 events):
Event: 35.097 Thread 0x000001583f7d2000 Exception <a 'java/net/SocketTimeoutException'{0x000000008cc2dd58}: Read timed out> (0x000000008cc2dd58) thrown at [./open/src/hotspot/share/prims/jni.cpp, line 632]
Event: 35.191 Thread 0x000001583f7d3000 Exception <a 'java/net/SocketTimeoutException'{0x000000008c987ff8}: Read timed out> (0x000000008c987ff8) thrown at [./open/src/hotspot/share/prims/jni.cpp, line 632]
Event: 35.191 Thread 0x000001583dd79800 Exception <a 'java/net/SocketTimeoutException'{0x000000008c93ce20}: Read timed out> (0x000000008c93ce20) thrown at [./open/src/hotspot/share/prims/jni.cpp, line 632]
Event: 37.036 Thread 0x000001583dd79800 Exception <a 'java/lang/NoSuchMethodError'{0x000000008a825388}: java.lang.invoke.DirectMethodHandle$Holder.invokeStatic(Ljava/lang/Object;Ljava/lang/Object;Ljava/lang/Object;ILjava/lang/Object;)V> (0x000000008a825388) thrown at [./open/src/hotspot/share/i
Event: 39.118 Thread 0x000001583f7d2000 Exception <a 'java/net/SocketTimeoutException'{0x0000000089e0ced8}: Read timed out> (0x0000000089e0ced8) thrown at [./open/src/hotspot/share/prims/jni.cpp, line 632]
Event: 39.464 Thread 0x000001583f7d2000 Exception <a 'java/net/SocketTimeoutException'{0x0000000089e55b28}: Read timed out> (0x0000000089e55b28) thrown at [./open/src/hotspot/share/prims/jni.cpp, line 632]
Event: 40.134 Thread 0x000001583f7d3000 Exception <a 'java/net/SocketTimeoutException'{0x0000000089addd10}: Read timed out> (0x0000000089addd10) thrown at [./open/src/hotspot/share/prims/jni.cpp, line 632]
Event: 63.681 Thread 0x000001583f7d2000 Exception <a 'java/net/SocketTimeoutException'{0x000000009297d6a8}: Read timed out> (0x000000009297d6a8) thrown at [./open/src/hotspot/share/prims/jni.cpp, line 632]
Event: 65.495 Thread 0x000001583f7d1800 Exception <a 'java/net/SocketTimeoutException'{0x00000000921e4aa8}: Read timed out> (0x00000000921e4aa8) thrown at [./open/src/hotspot/share/prims/jni.cpp, line 632]
Event: 69.055 Thread 0x000001583f7c8800 Exception <a 'java/net/SocketTimeoutException'{0x00000000915f9e68}: Read timed out> (0x00000000915f9e68) thrown at [./open/src/hotspot/share/prims/jni.cpp, line 632]

Events (10 events):
Event: 74.175 Thread 0x000001583ed7b000 Thread exited: 0x000001583ed7b000
Event: 74.175 Executing VM operation: RevokeBias
Event: 74.176 Executing VM operation: RevokeBias done
Event: 74.176 Thread 0x000001583ed75800 Thread exited: 0x000001583ed75800
Event: 74.176 Thread 0x000001583ed7d800 Thread exited: 0x000001583ed7d800
Event: 74.176 Executing VM operation: RevokeBias
Event: 74.178 Executing VM operation: RevokeBias done
Event: 74.178 Thread 0x000001583ed7c000 Thread exited: 0x000001583ed7c000
Event: 74.178 Thread 0x000001583ed7a000 Thread exited: 0x000001583ed7a000
Event: 81.016 Thread 0x000001583ed76000 Thread exited: 0x000001583ed76000


Dynamic libraries:
0x00007ff7beec0000 - 0x00007ff7beecf000 	C:\Users\Meu Computador\.jdks\jdk-11.0.10\bin\java.exe
0x00007ffda2b70000 - 0x00007ffda2d65000 	C:\WINDOWS\SYSTEM32\ntdll.dll
0x00007ffda2640000 - 0x00007ffda26fd000 	C:\WINDOWS\System32\KERNEL32.DLL
0x00007ffda0750000 - 0x00007ffda0a19000 	C:\WINDOWS\System32\KERNELBASE.dll
0x00007ffda0ae0000 - 0x00007ffda0be0000 	C:\WINDOWS\System32\ucrtbase.dll
0x00007ffd853c0000 - 0x00007ffd853d5000 	C:\Users\Meu Computador\.jdks\jdk-11.0.10\bin\VCRUNTIME140.dll
0x00007ffd851e0000 - 0x00007ffd851f8000 	C:\Users\Meu Computador\.jdks\jdk-11.0.10\bin\jli.dll
0x00007ffda29a0000 - 0x00007ffda2a4c000 	C:\WINDOWS\System32\ADVAPI32.dll
0x00007ffda23c0000 - 0x00007ffda245e000 	C:\WINDOWS\System32\msvcrt.dll
0x00007ffda0e00000 - 0x00007ffda0e9b000 	C:\WINDOWS\System32\sechost.dll
0x00007ffda1430000 - 0x00007ffda155a000 	C:\WINDOWS\System32\RPCRT4.dll
0x00007ffda1570000 - 0x00007ffda1710000 	C:\WINDOWS\System32\USER32.dll
0x00007ffd83d10000 - 0x00007ffd83faa000 	C:\WINDOWS\WinSxS\amd64_microsoft.windows.common-controls_6595b64144ccf1df_6.0.19041.1083_none_60bbe31371f34e71\COMCTL32.dll
0x00007ffda0ab0000 - 0x00007ffda0ad2000 	C:\WINDOWS\System32\win32u.dll
0x00007ffda2390000 - 0x00007ffda23ba000 	C:\WINDOWS\System32\GDI32.dll
0x00007ffda0640000 - 0x00007ffda074b000 	C:\WINDOWS\System32\gdi32full.dll
0x00007ffda05a0000 - 0x00007ffda063d000 	C:\WINDOWS\System32\msvcp_win.dll
0x00007ffd945b0000 - 0x00007ffd945ba000 	C:\WINDOWS\SYSTEM32\VERSION.dll
0x00007ffda1e50000 - 0x00007ffda1e80000 	C:\WINDOWS\System32\IMM32.DLL
0x00007ffd72090000 - 0x00007ffd7212b000 	C:\Users\Meu Computador\.jdks\jdk-11.0.10\bin\msvcp140.dll
0x00007ffd6db60000 - 0x00007ffd6e65b000 	C:\Users\Meu Computador\.jdks\jdk-11.0.10\bin\server\jvm.dll
0x00007ffda1560000 - 0x00007ffda1568000 	C:\WINDOWS\System32\PSAPI.DLL
0x00007ffd90200000 - 0x00007ffd90209000 	C:\WINDOWS\SYSTEM32\WSOCK32.dll
0x00007ffd81180000 - 0x00007ffd811a7000 	C:\WINDOWS\SYSTEM32\WINMM.dll
0x00007ffda22a0000 - 0x00007ffda230b000 	C:\WINDOWS\System32\WS2_32.dll
0x00007ffd9e1c0000 - 0x00007ffd9e1d2000 	C:\WINDOWS\SYSTEM32\kernel.appcore.dll
0x00007ffd85180000 - 0x00007ffd85190000 	C:\Users\Meu Computador\.jdks\jdk-11.0.10\bin\verify.dll
0x00007ffd91e00000 - 0x00007ffd91fe4000 	C:\WINDOWS\SYSTEM32\DBGHELP.DLL
0x00007ffd924d0000 - 0x00007ffd924fc000 	C:\WINDOWS\SYSTEM32\dbgcore.DLL
0x00007ffda0a20000 - 0x00007ffda0aa3000 	C:\WINDOWS\System32\bcryptPrimitives.dll
0x00007ffd846a0000 - 0x00007ffd846c8000 	C:\Users\Meu Computador\.jdks\jdk-11.0.10\bin\java.dll
0x00007ffd85170000 - 0x00007ffd8517a000 	C:\Users\Meu Computador\.jdks\jdk-11.0.10\bin\jimage.dll
0x00007ffd85100000 - 0x00007ffd85116000 	C:\Users\Meu Computador\.jdks\jdk-11.0.10\bin\zip.dll
0x00007ffda1710000 - 0x00007ffda1e4f000 	C:\WINDOWS\System32\SHELL32.dll
0x00007ffd9e3c0000 - 0x00007ffd9eb51000 	C:\WINDOWS\SYSTEM32\windows.storage.dll
0x00007ffda1e80000 - 0x00007ffda21d5000 	C:\WINDOWS\System32\combase.dll
0x00007ffd9fb70000 - 0x00007ffd9fb9c000 	C:\WINDOWS\SYSTEM32\Wldp.dll
0x00007ffda2590000 - 0x00007ffda263e000 	C:\WINDOWS\System32\SHCORE.dll
0x00007ffda13d0000 - 0x00007ffda1425000 	C:\WINDOWS\System32\shlwapi.dll
0x00007ffda01f0000 - 0x00007ffda020f000 	C:\WINDOWS\SYSTEM32\profapi.dll
0x00007ffd845e0000 - 0x00007ffd845f9000 	C:\Users\Meu Computador\.jdks\jdk-11.0.10\bin\net.dll
0x00007ffd99050000 - 0x00007ffd9915a000 	C:\WINDOWS\SYSTEM32\WINHTTP.dll
0x00007ffd9f950000 - 0x00007ffd9f9ba000 	C:\WINDOWS\system32\mswsock.dll
0x00007ffd84200000 - 0x00007ffd84212000 	C:\Users\Meu Computador\.jdks\jdk-11.0.10\bin\nio.dll
0x00007ffd92bf0000 - 0x00007ffd92c17000 	C:\Users\Meu Computador\.gradle\native\49d0259a56938c7f99b2704e745ce422c4f750a7a20b539a32ccef96729676b1\windows-amd64\native-platform.dll
0x00007ffd85e30000 - 0x00007ffd85fc1000 	C:\Users\Meu Computador\.gradle\native\12488b8bf47d2d4c9fbf2f6322a914ad602e24e48041cd04a747c6da556b65c4\windows-amd64\native-platform-file-events.dll
0x00007ffd84040000 - 0x00007ffd84049000 	C:\Users\Meu Computador\.jdks\jdk-11.0.10\bin\management.dll
0x00007ffd84030000 - 0x00007ffd8403b000 	C:\Users\Meu Computador\.jdks\jdk-11.0.10\bin\management_ext.dll
0x00007ffd9ff00000 - 0x00007ffd9ff18000 	C:\WINDOWS\SYSTEM32\CRYPTSP.dll
0x00007ffd9f310000 - 0x00007ffd9f344000 	C:\WINDOWS\system32\rsaenh.dll
0x00007ffda02b0000 - 0x00007ffda02d7000 	C:\WINDOWS\System32\bcrypt.dll
0x00007ffda01b0000 - 0x00007ffda01de000 	C:\WINDOWS\SYSTEM32\USERENV.dll
0x00007ffd9fad0000 - 0x00007ffd9fadc000 	C:\WINDOWS\SYSTEM32\CRYPTBASE.dll
0x00007ffd9f660000 - 0x00007ffd9f69b000 	C:\WINDOWS\SYSTEM32\IPHLPAPI.DLL
0x00007ffda2290000 - 0x00007ffda2298000 	C:\WINDOWS\System32\NSI.dll
0x00007ffd9aac0000 - 0x00007ffd9aad7000 	C:\WINDOWS\SYSTEM32\dhcpcsvc6.DLL
0x00007ffd9aa70000 - 0x00007ffd9aa8d000 	C:\WINDOWS\SYSTEM32\dhcpcsvc.DLL
0x00007ffd9f6a0000 - 0x00007ffd9f76c000 	C:\WINDOWS\SYSTEM32\DNSAPI.dll
0x00007ffd9da60000 - 0x00007ffd9da6d000 	C:\Users\Meu Computador\.jdks\jdk-11.0.10\bin\sunmscapi.dll
0x00007ffda0340000 - 0x00007ffda049f000 	C:\WINDOWS\System32\CRYPT32.dll
0x00007ffd9fbe0000 - 0x00007ffd9fc07000 	C:\WINDOWS\SYSTEM32\ncrypt.dll
0x00007ffd9fba0000 - 0x00007ffd9fbdb000 	C:\WINDOWS\SYSTEM32\NTASN1.dll
0x00007ffd92b90000 - 0x00007ffd92bb5000 	C:\Users\Meu Computador\.jdks\jdk-11.0.10\bin\sunec.dll
0x00007ffd983d0000 - 0x00007ffd983da000 	C:\Windows\System32\rasadhlp.dll
0x00007ffd994d0000 - 0x00007ffd9954f000 	C:\WINDOWS\System32\fwpuclnt.dll

dbghelp: loaded successfully - version: 4.0.5 - missing functions: none
symbol engine: initialized successfully - sym options: 0x614 - pdb path: .;C:\Users\Meu Computador\.jdks\jdk-11.0.10\bin;C:\WINDOWS\SYSTEM32;C:\WINDOWS\WinSxS\amd64_microsoft.windows.common-controls_6595b64144ccf1df_6.0.19041.1083_none_60bbe31371f34e71;C:\Users\Meu Computador\.jdks\jdk-11.0.10\bin\server;C:\Users\Meu Computador\.gradle\native\49d0259a56938c7f99b2704e745ce422c4f750a7a20b539a32ccef96729676b1\windows-amd64;C:\Users\Meu Computador\.gradle\native\12488b8bf47d2d4c9fbf2f6322a914ad602e24e48041cd04a747c6da556b65c4\windows-amd64

VM Arguments:
jvm_args: --add-opens=java.base/java.util=ALL-UNNAMED --add-opens=java.base/java.lang=ALL-UNNAMED --add-opens=java.base/java.lang.invoke=ALL-UNNAMED --add-opens=java.prefs/java.util.prefs=ALL-UNNAMED -Xmx2048m -Dfile.encoding=UTF-8 -Duser.country=BR -Duser.language=pt -Duser.variant 
java_command: org.gradle.launcher.daemon.bootstrap.GradleDaemon 6.9
java_class_path (initial): C:\Users\Meu Computador\.gradle\wrapper\dists\gradle-6.9-bin\2ecsmyp3bolyybemj56vfn4mt\gradle-6.9\lib\gradle-launcher-6.9.jar
Launcher Type: SUN_STANDARD

[Global flags]
     intx CICompilerCount                          = 3                                         {product} {ergonomic}
     uint ConcGCThreads                            = 1                                         {product} {ergonomic}
     uint G1ConcRefinementThreads                  = 4                                         {product} {ergonomic}
   size_t G1HeapRegionSize                         = 1048576                                   {product} {ergonomic}
    uintx GCDrainStackTargetSize                   = 64                                        {product} {ergonomic}
   size_t InitialHeapSize                          = 134217728                                 {product} {ergonomic}
   size_t MarkStackSize                            = 4194304                                   {product} {ergonomic}
   size_t MaxHeapSize                              = 2147483648                                {product} {command line}
   size_t MaxNewSize                               = 1287651328                                {product} {ergonomic}
   size_t MinHeapDeltaBytes                        = 1048576                                   {product} {ergonomic}
    uintx NonNMethodCodeHeapSize                   = 5830732                                {pd product} {ergonomic}
    uintx NonProfiledCodeHeapSize                  = 122913754                              {pd product} {ergonomic}
    uintx ProfiledCodeHeapSize                     = 122913754                              {pd product} {ergonomic}
    uintx ReservedCodeCacheSize                    = 251658240                              {pd product} {ergonomic}
     bool SegmentedCodeCache                       = true                                      {product} {ergonomic}
     bool UseCompressedClassPointers               = true                                 {lp64_product} {ergonomic}
     bool UseCompressedOops                        = true                                 {lp64_product} {ergonomic}
     bool UseG1GC                                  = true                                      {product} {ergonomic}
     bool UseLargePagesIndividualAllocation        = false                                  {pd product} {ergonomic}

Logging:
Log output configuration:
 #0: stdout all=warning uptime,level,tags
 #1: stderr all=off uptime,level,tags

Environment Variables:
JAVA_HOME=C:\Users\Meu Computador\.jdks\jdk-11.0.10
CLASSPATH=C:\Users\Meu Computador\.jdks\jdk-11.0.10\lib\tools.jar.;
PATH=C:\Users\Meu\product\18.0.0\dbhomeXE\bin;C:\Python27\;C:\Python27\Scripts;C:\WINDOWS\system32;C:\WINDOWS;C:\WINDOWS\System32\Wbem;C:\WINDOWS\System32\WindowsPowerShell\v1.0\;C:\Program Files\Git\cmd;C:\WINDOWS\System32\OpenSSH\;C:\ProgramData\chocolatey\bin;C:\Program Files\nodejs\;C:\Program Files (x86)\Yarn\bin\;C:\Users\Public\Android\Sdk\platform-tools;C:\Users\Meu Computador\.jdks\jdk-11.0.10\bin;C:\Program Files\MySQL\MySQL Shell 8.0\bin\;C:\Users\Meu Computador\AppData\Local\Microsoft\WindowsApps;C:\Users\Meu Computador\AppData\Local\Programs\Microsoft VS Code\bin;C:\Users\Meu Computador\AppData\Roaming\npm;C:\Users\Meu Computador\AppData\Local\Yarn\bin;C:\Program Files\heroku\bin;
USERNAME=Meu Computador
OS=Windows_NT
PROCESSOR_IDENTIFIER=Intel64 Family 6 Model 58 Stepping 9, GenuineIntel



---------------  S Y S T E M  ---------------

OS: Windows 10 , 64 bit Build 19041 (10.0.19041.1023)
Hyper-V role detected

CPU:total 4 (initial active 4) (4 cores per cpu, 1 threads per core) family 6 model 58 stepping 9 microcode 0x21, cmov, cx8, fxsr, mmx, sse, sse2, sse3, ssse3, sse4.1, sse4.2, popcnt, avx, aes, clmul, erms, tsc, tscinvbit, tscinv

Memory: 4k page, system-wide physical 8090M (844M free)
TotalPageFile size 8090M (AvailPageFile size 4M)
current process WorkingSet (physical memory assigned to process): 500M, peak: 532M
current process commit charge ("private bytes"): 535M, peak: 567M

vm_info: Java HotSpot(TM) 64-Bit Server VM (11.0.10+8-LTS-162) for windows-amd64 JRE (11.0.10+8-LTS-162), built on Dec  8 2020 16:32:57 by "mach5one" with MS VC++ 15.9 (VS2017)

END.
